<?xml version="1.0" encoding="UTF-8"?>
<!-- Generated by org.testng.reporters.JUnitXMLReporter -->
<testsuite ignored="0" hostname="ATMECSINLT-013" failures="1" tests="1" name="Heatclinicproductvalidation" time="16.55" errors="0" timestamp="19 Nov 2019 13:45:56 GMT">
  <testcase classname="com.atmecs.assesment.qaautomation.testscripts.HeatClinic" name="addItemToCart" time="0.189">
    <failure type="java.lang.AssertionError" message="expected [null] but found [THE HEAT CLINIC&amp;apos;S TOP SELLING SAUCES]">
      <![CDATA[java.lang.AssertionError: expected [null] but found [THE HEAT CLINIC'S TOP SELLING SAUCES]
at com.atmecs.assesment.qaautomation.helper.HeatClinicValidate.performAction(HeatClinicValidate.java:28)
at com.atmecs.assesment.qaautomation.validation.HeatClinicProductValidation.homePageValidate(HeatClinicProductValidation.java:26)
at com.atmecs.assesment.qaautomation.testscripts.HeatClinic.addItemToCart(HeatClinic.java:45)
... Removed 32 stack frames]]>
    </failure>
  </testcase> <!-- addItemToCart -->
</testsuite> <!-- Heatclinicproductvalidation -->
